{'1,2': {'Pathlength (Ang)': 2.448,
         'Temp (K)': [1.0,
                      2.0,
                      3.0,
                      4.0,
                      5.0,
                      6.0,
                      7.0,
                      8.0,
                      9.0,
                      10.0,
                      11.0,
                      12.0,
                      13.0,
                      14.0,
                      15.0,
                      16.0,
                      17.0,
                      18.0,
                      19.0,
                      20.0,
                      21.0,
                      22.0,
                      23.0,
                      24.0,
                      25.0,
                      26.0,
                      27.0,
                      28.0,
                      29.0,
                      30.0,
                      31.0,
                      32.0,
                      33.0,
                      34.0,
                      35.0,
                      36.0,
                      37.0,
                      38.0,
                      39.0,
                      40.0,
                      41.0,
                      42.0,
                      43.0,
                      44.0,
                      45.0,
                      46.0,
                      47.0,
                      48.0,
                      49.0,
                      50.0,
                      51.0,
                      52.0,
                      53.0,
                      54.0,
                      55.0,
                      56.0,
                      57.0,
                      58.0,
                      59.0,
                      60.0,
                      61.0,
                      62.0,
                      63.0,
                      64.0,
                      65.0,
                      66.0,
                      67.0,
                      68.0,
                      69.0,
                      70.0,
                      71.0,
                      72.0,
                      73.0,
                      74.0,
                      75.0,
                      76.0,
                      77.0,
                      78.0,
                      79.0,
                      80.0,
                      81.0,
                      82.0,
                      83.0,
                      84.0,
                      85.0,
                      86.0,
                      87.0,
                      88.0,
                      89.0,
                      90.0,
                      91.0,
                      92.0,
                      93.0,
                      94.0,
                      95.0,
                      96.0,
                      97.0,
                      98.0,
                      99.0,
                      100.0,
                      101.0,
                      102.0,
                      103.0,
                      104.0,
                      105.0,
                      106.0,
                      107.0,
                      108.0,
                      109.0,
                      110.0,
                      111.0,
                      112.0,
                      113.0,
                      114.0,
                      115.0,
                      116.0,
                      117.0,
                      118.0,
                      119.0,
                      120.0,
                      121.0,
                      122.0,
                      123.0,
                      124.0,
                      125.0,
                      126.0,
                      127.0,
                      128.0,
                      129.0,
                      130.0,
                      131.0,
                      132.0,
                      133.0,
                      134.0,
                      135.0,
                      136.0,
                      137.0,
                      138.0,
                      139.0,
                      140.0,
                      141.0,
                      142.0,
                      143.0,
                      144.0,
                      145.0,
                      146.0,
                      147.0,
                      148.0,
                      149.0,
                      150.0,
                      151.0,
                      152.0,
                      153.0,
                      154.0,
                      155.0,
                      156.0,
                      157.0,
                      158.0,
                      159.0,
                      160.0,
                      161.0,
                      162.0,
                      163.0,
                      164.0,
                      165.0,
                      166.0,
                      167.0,
                      168.0,
                      169.0,
                      170.0,
                      171.0,
                      172.0,
                      173.0,
                      174.0,
                      175.0,
                      176.0,
                      177.0,
                      178.0,
                      179.0,
                      180.0,
                      181.0,
                      182.0,
                      183.0,
                      184.0,
                      185.0,
                      186.0,
                      187.0,
                      188.0,
                      189.0,
                      190.0,
                      191.0,
                      192.0,
                      193.0,
                      194.0,
                      195.0,
                      196.0,
                      197.0,
                      198.0,
                      199.0,
                      200.0,
                      201.0,
                      202.0,
                      203.0,
                      204.0,
                      205.0,
                      206.0,
                      207.0,
                      208.0,
                      209.0,
                      210.0,
                      211.0,
                      212.0,
                      213.0,
                      214.0,
                      215.0,
                      216.0,
                      217.0,
                      218.0,
                      219.0,
                      220.0,
                      221.0,
                      222.0,
                      223.0,
                      224.0,
                      225.0,
                      226.0,
                      227.0,
                      228.0,
                      229.0,
                      230.0,
                      231.0,
                      232.0,
                      233.0,
                      234.0,
                      235.0,
                      236.0,
                      237.0,
                      238.0,
                      239.0,
                      240.0,
                      241.0,
                      242.0,
                      243.0,
                      244.0,
                      245.0,
                      246.0,
                      247.0,
                      248.0,
                      249.0,
                      250.0,
                      251.0,
                      252.0,
                      253.0,
                      254.0,
                      255.0,
                      256.0,
                      257.0,
                      258.0,
                      259.0,
                      260.0,
                      261.0,
                      262.0,
                      263.0,
                      264.0,
                      265.0,
                      266.0,
                      267.0,
                      268.0,
                      269.0,
                      270.0,
                      271.0,
                      272.0,
                      273.0,
                      274.0,
                      275.0,
                      276.0,
                      277.0,
                      278.0,
                      279.0,
                      280.0,
                      281.0,
                      282.0,
                      283.0,
                      284.0,
                      285.0,
                      286.0,
                      287.0,
                      288.0,
                      289.0,
                      290.0,
                      291.0,
                      292.0,
                      293.0,
                      294.0,
                      295.0,
                      296.0,
                      297.0,
                      298.0,
                      299.0,
                      300.0],
         's^2': [2.078,
                 2.078,
                 2.078,
                 2.078,
                 2.078,
                 2.078,
                 2.078,
                 2.078,
                 2.078,
                 2.078,
                 2.078,
                 2.078,
                 2.078,
                 2.078,
                 2.078,
                 2.078,
                 2.078,
                 2.078,
                 2.078,
                 2.079,
                 2.079,
                 2.079,
                 2.079,
                 2.079,
                 2.079,
                 2.08,
                 2.08,
                 2.08,
                 2.081,
                 2.081,
                 2.081,
                 2.082,
                 2.082,
                 2.083,
                 2.083,
                 2.084,
                 2.085,
                 2.085,
                 2.086,
                 2.087,
                 2.088,
                 2.089,
                 2.09,
                 2.091,
                 2.092,
                 2.094,
                 2.095,
                 2.096,
                 2.098,
                 2.099,
                 2.101,
                 2.103,
                 2.105,
                 2.107,
                 2.109,
                 2.111,
                 2.113,
                 2.115,
                 2.118,
                 2.12,
                 2.123,
                 2.126,
                 2.128,
                 2.131,
                 2.134,
                 2.137,
                 2.141,
                 2.144,
                 2.147,
                 2.151,
                 2.155,
                 2.158,
                 2.162,
                 2.166,
                 2.17,
                 2.175,
                 2.179,
                 2.183,
                 2.188,
                 2.192,
                 2.197,
                 2.202,
                 2.207,
                 2.212,
                 2.217,
                 2.222,
                 2.227,
                 2.233,
                 2.238,
                 2.244,
                 2.25,
                 2.255,
                 2.261,
                 2.267,
                 2.273,
                 2.279,
                 2.285,
                 2.292,
                 2.298,
                 2.305,
                 2.311,
                 2.318,
                 2.325,
                 2.331,
                 2.338,
                 2.345,
                 2.352,
                 2.359,
                 2.367,
                 2.374,
                 2.381,
                 2.388,
                 2.396,
                 2.404,
                 2.411,
                 2.419,
                 2.427,
                 2.434,
                 2.442,
                 2.45,
                 2.458,
                 2.466,
                 2.474,
                 2.483,
                 2.491,
                 2.499,
                 2.508,
                 2.516,
                 2.524,
                 2.533,
                 2.542,
                 2.55,
                 2.559,
                 2.568,
                 2.577,
                 2.585,
                 2.594,
                 2.603,
                 2.612,
                 2.621,
                 2.63,
                 2.64,
                 2.649,
                 2.658,
                 2.667,
                 2.677,
                 2.686,
                 2.696,
                 2.705,
                 2.715,
                 2.724,
                 2.734,
                 2.743,
                 2.753,
                 2.763,
                 2.772,
                 2.782,
                 2.792,
                 2.802,
                 2.812,
                 2.822,
                 2.832,
                 2.842,
                 2.852,
                 2.862,
                 2.872,
                 2.882,
                 2.892,
                 2.902,
                 2.913,
                 2.923,
                 2.933,
                 2.944,
                 2.954,
                 2.964,
                 2.975,
                 2.985,
                 2.996,
                 3.006,
                 3.017,
                 3.027,
                 3.038,
                 3.049,
                 3.059,
                 3.07,
                 3.081,
                 3.091,
                 3.102,
                 3.113,
                 3.124,
                 3.134,
                 3.145,
                 3.156,
                 3.167,
                 3.178,
                 3.189,
                 3.2,
                 3.211,
                 3.222,
                 3.233,
                 3.244,
                 3.255,
                 3.266,
                 3.277,
                 3.288,
                 3.3,
                 3.311,
                 3.322,
                 3.333,
                 3.344,
                 3.356,
                 3.367,
                 3.378,
                 3.389,
                 3.401,
                 3.412,
                 3.423,
                 3.435,
                 3.446,
                 3.458,
                 3.469,
                 3.481,
                 3.492,
                 3.503,
                 3.515,
                 3.526,
                 3.538,
                 3.549,
                 3.561,
                 3.573,
                 3.584,
                 3.596,
                 3.607,
                 3.619,
                 3.631,
                 3.642,
                 3.654,
                 3.666,
                 3.677,
                 3.689,
                 3.701,
                 3.713,
                 3.724,
                 3.736,
                 3.748,
                 3.76,
                 3.771,
                 3.783,
                 3.795,
                 3.807,
                 3.819,
                 3.831,
                 3.843,
                 3.854,
                 3.866,
                 3.878,
                 3.89,
                 3.902,
                 3.914,
                 3.926,
                 3.938,
                 3.95,
                 3.962,
                 3.974,
                 3.986,
                 3.998,
                 4.01,
                 4.022,
                 4.034,
                 4.046,
                 4.058,
                 4.07,
                 4.082,
                 4.094,
                 4.107,
                 4.119,
                 4.131,
                 4.143,
                 4.155,
                 4.167,
                 4.179,
                 4.192,
                 4.204,
                 4.216,
                 4.228,
                 4.24,
                 4.252,
                 4.265,
                 4.277,
                 4.289,
                 4.301,
                 4.314,
                 4.326,
                 4.338,
                 4.35,
                 4.363,
                 4.375,
                 4.387,
                 4.4,
                 4.412]},
 '1,6': {'Pathlength (Ang)': 2.448,
         'Temp (K)': [1.0,
                      2.0,
                      3.0,
                      4.0,
                      5.0,
                      6.0,
                      7.0,
                      8.0,
                      9.0,
                      10.0,
                      11.0,
                      12.0,
                      13.0,
                      14.0,
                      15.0,
                      16.0,
                      17.0,
                      18.0,
                      19.0,
                      20.0,
                      21.0,
                      22.0,
                      23.0,
                      24.0,
                      25.0,
                      26.0,
                      27.0,
                      28.0,
                      29.0,
                      30.0,
                      31.0,
                      32.0,
                      33.0,
                      34.0,
                      35.0,
                      36.0,
                      37.0,
                      38.0,
                      39.0,
                      40.0,
                      41.0,
                      42.0,
                      43.0,
                      44.0,
                      45.0,
                      46.0,
                      47.0,
                      48.0,
                      49.0,
                      50.0,
                      51.0,
                      52.0,
                      53.0,
                      54.0,
                      55.0,
                      56.0,
                      57.0,
                      58.0,
                      59.0,
                      60.0,
                      61.0,
                      62.0,
                      63.0,
                      64.0,
                      65.0,
                      66.0,
                      67.0,
                      68.0,
                      69.0,
                      70.0,
                      71.0,
                      72.0,
                      73.0,
                      74.0,
                      75.0,
                      76.0,
                      77.0,
                      78.0,
                      79.0,
                      80.0,
                      81.0,
                      82.0,
                      83.0,
                      84.0,
                      85.0,
                      86.0,
                      87.0,
                      88.0,
                      89.0,
                      90.0,
                      91.0,
                      92.0,
                      93.0,
                      94.0,
                      95.0,
                      96.0,
                      97.0,
                      98.0,
                      99.0,
                      100.0,
                      101.0,
                      102.0,
                      103.0,
                      104.0,
                      105.0,
                      106.0,
                      107.0,
                      108.0,
                      109.0,
                      110.0,
                      111.0,
                      112.0,
                      113.0,
                      114.0,
                      115.0,
                      116.0,
                      117.0,
                      118.0,
                      119.0,
                      120.0,
                      121.0,
                      122.0,
                      123.0,
                      124.0,
                      125.0,
                      126.0,
                      127.0,
                      128.0,
                      129.0,
                      130.0,
                      131.0,
                      132.0,
                      133.0,
                      134.0,
                      135.0,
                      136.0,
                      137.0,
                      138.0,
                      139.0,
                      140.0,
                      141.0,
                      142.0,
                      143.0,
                      144.0,
                      145.0,
                      146.0,
                      147.0,
                      148.0,
                      149.0,
                      150.0,
                      151.0,
                      152.0,
                      153.0,
                      154.0,
                      155.0,
                      156.0,
                      157.0,
                      158.0,
                      159.0,
                      160.0,
                      161.0,
                      162.0,
                      163.0,
                      164.0,
                      165.0,
                      166.0,
                      167.0,
                      168.0,
                      169.0,
                      170.0,
                      171.0,
                      172.0,
                      173.0,
                      174.0,
                      175.0,
                      176.0,
                      177.0,
                      178.0,
                      179.0,
                      180.0,
                      181.0,
                      182.0,
                      183.0,
                      184.0,
                      185.0,
                      186.0,
                      187.0,
                      188.0,
                      189.0,
                      190.0,
                      191.0,
                      192.0,
                      193.0,
                      194.0,
                      195.0,
                      196.0,
                      197.0,
                      198.0,
                      199.0,
                      200.0,
                      201.0,
                      202.0,
                      203.0,
                      204.0,
                      205.0,
                      206.0,
                      207.0,
                      208.0,
                      209.0,
                      210.0,
                      211.0,
                      212.0,
                      213.0,
                      214.0,
                      215.0,
                      216.0,
                      217.0,
                      218.0,
                      219.0,
                      220.0,
                      221.0,
                      222.0,
                      223.0,
                      224.0,
                      225.0,
                      226.0,
                      227.0,
                      228.0,
                      229.0,
                      230.0,
                      231.0,
                      232.0,
                      233.0,
                      234.0,
                      235.0,
                      236.0,
                      237.0,
                      238.0,
                      239.0,
                      240.0,
                      241.0,
                      242.0,
                      243.0,
                      244.0,
                      245.0,
                      246.0,
                      247.0,
                      248.0,
                      249.0,
                      250.0,
                      251.0,
                      252.0,
                      253.0,
                      254.0,
                      255.0,
                      256.0,
                      257.0,
                      258.0,
                      259.0,
                      260.0,
                      261.0,
                      262.0,
                      263.0,
                      264.0,
                      265.0,
                      266.0,
                      267.0,
                      268.0,
                      269.0,
                      270.0,
                      271.0,
                      272.0,
                      273.0,
                      274.0,
                      275.0,
                      276.0,
                      277.0,
                      278.0,
                      279.0,
                      280.0,
                      281.0,
                      282.0,
                      283.0,
                      284.0,
                      285.0,
                      286.0,
                      287.0,
                      288.0,
                      289.0,
                      290.0,
                      291.0,
                      292.0,
                      293.0,
                      294.0,
                      295.0,
                      296.0,
                      297.0,
                      298.0,
                      299.0,
                      300.0],
         's^2': [2.078,
                 2.078,
                 2.078,
                 2.078,
                 2.078,
                 2.078,
                 2.078,
                 2.078,
                 2.078,
                 2.078,
                 2.078,
                 2.078,
                 2.078,
                 2.078,
                 2.078,
                 2.078,
                 2.078,
                 2.078,
                 2.078,
                 2.078,
                 2.079,
                 2.079,
                 2.079,
                 2.079,
                 2.079,
                 2.08,
                 2.08,
                 2.08,
                 2.08,
                 2.081,
                 2.081,
                 2.082,
                 2.082,
                 2.083,
                 2.083,
                 2.084,
                 2.085,
                 2.085,
                 2.086,
                 2.087,
                 2.088,
                 2.089,
                 2.09,
                 2.091,
                 2.092,
                 2.093,
                 2.095,
                 2.096,
                 2.098,
                 2.099,
                 2.101,
                 2.103,
                 2.104,
                 2.106,
                 2.108,
                 2.111,
                 2.113,
                 2.115,
                 2.118,
                 2.12,
                 2.123,
                 2.125,
                 2.128,
                 2.131,
                 2.134,
                 2.137,
                 2.14,
                 2.144,
                 2.147,
                 2.151,
                 2.154,
                 2.158,
                 2.162,
                 2.166,
                 2.17,
                 2.174,
                 2.179,
                 2.183,
                 2.188,
                 2.192,
                 2.197,
                 2.202,
                 2.207,
                 2.212,
                 2.217,
                 2.222,
                 2.227,
                 2.233,
                 2.238,
                 2.244,
                 2.249,
                 2.255,
                 2.261,
                 2.267,
                 2.273,
                 2.279,
                 2.285,
                 2.291,
                 2.298,
                 2.304,
                 2.311,
                 2.318,
                 2.324,
                 2.331,
                 2.338,
                 2.345,
                 2.352,
                 2.359,
                 2.366,
                 2.373,
                 2.381,
                 2.388,
                 2.396,
                 2.403,
                 2.411,
                 2.418,
                 2.426,
                 2.434,
                 2.442,
                 2.45,
                 2.458,
                 2.466,
                 2.474,
                 2.482,
                 2.49,
                 2.499,
                 2.507,
                 2.516,
                 2.524,
                 2.533,
                 2.541,
                 2.55,
                 2.559,
                 2.567,
                 2.576,
                 2.585,
                 2.594,
                 2.603,
                 2.612,
                 2.621,
                 2.63,
                 2.639,
                 2.648,
                 2.658,
                 2.667,
                 2.676,
                 2.686,
                 2.695,
                 2.705,
                 2.714,
                 2.724,
                 2.733,
                 2.743,
                 2.752,
                 2.762,
                 2.772,
                 2.782,
                 2.792,
                 2.801,
                 2.811,
                 2.821,
                 2.831,
                 2.841,
                 2.851,
                 2.861,
                 2.871,
                 2.882,
                 2.892,
                 2.902,
                 2.912,
                 2.922,
                 2.933,
                 2.943,
                 2.953,
                 2.964,
                 2.974,
                 2.985,
                 2.995,
                 3.006,
                 3.016,
                 3.027,
                 3.037,
                 3.048,
                 3.059,
                 3.069,
                 3.08,
                 3.091,
                 3.101,
                 3.112,
                 3.123,
                 3.134,
                 3.145,
                 3.156,
                 3.166,
                 3.177,
                 3.188,
                 3.199,
                 3.21,
                 3.221,
                 3.232,
                 3.243,
                 3.254,
                 3.265,
                 3.277,
                 3.288,
                 3.299,
                 3.31,
                 3.321,
                 3.332,
                 3.344,
                 3.355,
                 3.366,
                 3.377,
                 3.389,
                 3.4,
                 3.411,
                 3.423,
                 3.434,
                 3.446,
                 3.457,
                 3.468,
                 3.48,
                 3.491,
                 3.503,
                 3.514,
                 3.526,
                 3.537,
                 3.549,
                 3.56,
                 3.572,
                 3.583,
                 3.595,
                 3.607,
                 3.618,
                 3.63,
                 3.642,
                 3.653,
                 3.665,
                 3.677,
                 3.688,
                 3.7,
                 3.712,
                 3.724,
                 3.735,
                 3.747,
                 3.759,
                 3.771,
                 3.782,
                 3.794,
                 3.806,
                 3.818,
                 3.83,
                 3.842,
                 3.854,
                 3.866,
                 3.877,
                 3.889,
                 3.901,
                 3.913,
                 3.925,
                 3.937,
                 3.949,
                 3.961,
                 3.973,
                 3.985,
                 3.997,
                 4.009,
                 4.021,
                 4.033,
                 4.045,
                 4.057,
                 4.069,
                 4.081,
                 4.094,
                 4.106,
                 4.118,
                 4.13,
                 4.142,
                 4.154,
                 4.166,
                 4.178,
                 4.191,
                 4.203,
                 4.215,
                 4.227,
                 4.239,
                 4.252,
                 4.264,
                 4.276,
                 4.288,
                 4.301,
                 4.313,
                 4.325,
                 4.337,
                 4.35,
                 4.362,
                 4.374,
                 4.386,
                 4.399,
                 4.411]},
 '1,7': {'Pathlength (Ang)': 2.448,
         'Temp (K)': [1.0,
                      2.0,
                      3.0,
                      4.0,
                      5.0,
                      6.0,
                      7.0,
                      8.0,
                      9.0,
                      10.0,
                      11.0,
                      12.0,
                      13.0,
                      14.0,
                      15.0,
                      16.0,
                      17.0,
                      18.0,
                      19.0,
                      20.0,
                      21.0,
                      22.0,
                      23.0,
                      24.0,
                      25.0,
                      26.0,
                      27.0,
                      28.0,
                      29.0,
                      30.0,
                      31.0,
                      32.0,
                      33.0,
                      34.0,
                      35.0,
                      36.0,
                      37.0,
                      38.0,
                      39.0,
                      40.0,
                      41.0,
                      42.0,
                      43.0,
                      44.0,
                      45.0,
                      46.0,
                      47.0,
                      48.0,
                      49.0,
                      50.0,
                      51.0,
                      52.0,
                      53.0,
                      54.0,
                      55.0,
                      56.0,
                      57.0,
                      58.0,
                      59.0,
                      60.0,
                      61.0,
                      62.0,
                      63.0,
                      64.0,
                      65.0,
                      66.0,
                      67.0,
                      68.0,
                      69.0,
                      70.0,
                      71.0,
                      72.0,
                      73.0,
                      74.0,
                      75.0,
                      76.0,
                      77.0,
                      78.0,
                      79.0,
                      80.0,
                      81.0,
                      82.0,
                      83.0,
                      84.0,
                      85.0,
                      86.0,
                      87.0,
                      88.0,
                      89.0,
                      90.0,
                      91.0,
                      92.0,
                      93.0,
                      94.0,
                      95.0,
                      96.0,
                      97.0,
                      98.0,
                      99.0,
                      100.0,
                      101.0,
                      102.0,
                      103.0,
                      104.0,
                      105.0,
                      106.0,
                      107.0,
                      108.0,
                      109.0,
                      110.0,
                      111.0,
                      112.0,
                      113.0,
                      114.0,
                      115.0,
                      116.0,
                      117.0,
                      118.0,
                      119.0,
                      120.0,
                      121.0,
                      122.0,
                      123.0,
                      124.0,
                      125.0,
                      126.0,
                      127.0,
                      128.0,
                      129.0,
                      130.0,
                      131.0,
                      132.0,
                      133.0,
                      134.0,
                      135.0,
                      136.0,
                      137.0,
                      138.0,
                      139.0,
                      140.0,
                      141.0,
                      142.0,
                      143.0,
                      144.0,
                      145.0,
                      146.0,
                      147.0,
                      148.0,
                      149.0,
                      150.0,
                      151.0,
                      152.0,
                      153.0,
                      154.0,
                      155.0,
                      156.0,
                      157.0,
                      158.0,
                      159.0,
                      160.0,
                      161.0,
                      162.0,
                      163.0,
                      164.0,
                      165.0,
                      166.0,
                      167.0,
                      168.0,
                      169.0,
                      170.0,
                      171.0,
                      172.0,
                      173.0,
                      174.0,
                      175.0,
                      176.0,
                      177.0,
                      178.0,
                      179.0,
                      180.0,
                      181.0,
                      182.0,
                      183.0,
                      184.0,
                      185.0,
                      186.0,
                      187.0,
                      188.0,
                      189.0,
                      190.0,
                      191.0,
                      192.0,
                      193.0,
                      194.0,
                      195.0,
                      196.0,
                      197.0,
                      198.0,
                      199.0,
                      200.0,
                      201.0,
                      202.0,
                      203.0,
                      204.0,
                      205.0,
                      206.0,
                      207.0,
                      208.0,
                      209.0,
                      210.0,
                      211.0,
                      212.0,
                      213.0,
                      214.0,
                      215.0,
                      216.0,
                      217.0,
                      218.0,
                      219.0,
                      220.0,
                      221.0,
                      222.0,
                      223.0,
                      224.0,
                      225.0,
                      226.0,
                      227.0,
                      228.0,
                      229.0,
                      230.0,
                      231.0,
                      232.0,
                      233.0,
                      234.0,
                      235.0,
                      236.0,
                      237.0,
                      238.0,
                      239.0,
                      240.0,
                      241.0,
                      242.0,
                      243.0,
                      244.0,
                      245.0,
                      246.0,
                      247.0,
                      248.0,
                      249.0,
                      250.0,
                      251.0,
                      252.0,
                      253.0,
                      254.0,
                      255.0,
                      256.0,
                      257.0,
                      258.0,
                      259.0,
                      260.0,
                      261.0,
                      262.0,
                      263.0,
                      264.0,
                      265.0,
                      266.0,
                      267.0,
                      268.0,
                      269.0,
                      270.0,
                      271.0,
                      272.0,
                      273.0,
                      274.0,
                      275.0,
                      276.0,
                      277.0,
                      278.0,
                      279.0,
                      280.0,
                      281.0,
                      282.0,
                      283.0,
                      284.0,
                      285.0,
                      286.0,
                      287.0,
                      288.0,
                      289.0,
                      290.0,
                      291.0,
                      292.0,
                      293.0,
                      294.0,
                      295.0,
                      296.0,
                      297.0,
                      298.0,
                      299.0,
                      300.0],
         's^2': [2.078,
                 2.078,
                 2.078,
                 2.078,
                 2.078,
                 2.078,
                 2.078,
                 2.078,
                 2.078,
                 2.078,
                 2.078,
                 2.078,
                 2.078,
                 2.078,
                 2.078,
                 2.078,
                 2.078,
                 2.078,
                 2.078,
                 2.078,
                 2.079,
                 2.079,
                 2.079,
                 2.079,
                 2.079,
                 2.08,
                 2.08,
                 2.08,
                 2.08,
                 2.081,
                 2.081,
                 2.082,
                 2.082,
                 2.083,
                 2.083,
                 2.084,
                 2.085,
                 2.085,
                 2.086,
                 2.087,
                 2.088,
                 2.089,
                 2.09,
                 2.091,
                 2.092,
                 2.093,
                 2.095,
                 2.096,
                 2.098,
                 2.099,
                 2.101,
                 2.103,
                 2.104,
                 2.106,
                 2.108,
                 2.111,
                 2.113,
                 2.115,
                 2.118,
                 2.12,
                 2.123,
                 2.125,
                 2.128,
                 2.131,
                 2.134,
                 2.137,
                 2.14,
                 2.144,
                 2.147,
                 2.151,
                 2.154,
                 2.158,
                 2.162,
                 2.166,
                 2.17,
                 2.174,
                 2.179,
                 2.183,
                 2.188,
                 2.192,
                 2.197,
                 2.202,
                 2.207,
                 2.212,
                 2.217,
                 2.222,
                 2.227,
                 2.233,
                 2.238,
                 2.244,
                 2.249,
                 2.255,
                 2.261,
                 2.267,
                 2.273,
                 2.279,
                 2.285,
                 2.291,
                 2.298,
                 2.304,
                 2.311,
                 2.318,
                 2.324,
                 2.331,
                 2.338,
                 2.345,
                 2.352,
                 2.359,
                 2.366,
                 2.373,
                 2.381,
                 2.388,
                 2.396,
                 2.403,
                 2.411,
                 2.418,
                 2.426,
                 2.434,
                 2.442,
                 2.45,
                 2.458,
                 2.466,
                 2.474,
                 2.482,
                 2.49,
                 2.499,
                 2.507,
                 2.516,
                 2.524,
                 2.533,
                 2.541,
                 2.55,
                 2.559,
                 2.567,
                 2.576,
                 2.585,
                 2.594,
                 2.603,
                 2.612,
                 2.621,
                 2.63,
                 2.639,
                 2.648,
                 2.658,
                 2.667,
                 2.676,
                 2.686,
                 2.695,
                 2.705,
                 2.714,
                 2.724,
                 2.733,
                 2.743,
                 2.752,
                 2.762,
                 2.772,
                 2.782,
                 2.792,
                 2.801,
                 2.811,
                 2.821,
                 2.831,
                 2.841,
                 2.851,
                 2.861,
                 2.871,
                 2.882,
                 2.892,
                 2.902,
                 2.912,
                 2.922,
                 2.933,
                 2.943,
                 2.953,
                 2.964,
                 2.974,
                 2.985,
                 2.995,
                 3.006,
                 3.016,
                 3.027,
                 3.037,
                 3.048,
                 3.059,
                 3.069,
                 3.08,
                 3.091,
                 3.101,
                 3.112,
                 3.123,
                 3.134,
                 3.145,
                 3.156,
                 3.166,
                 3.177,
                 3.188,
                 3.199,
                 3.21,
                 3.221,
                 3.232,
                 3.243,
                 3.254,
                 3.265,
                 3.277,
                 3.288,
                 3.299,
                 3.31,
                 3.321,
                 3.332,
                 3.344,
                 3.355,
                 3.366,
                 3.377,
                 3.389,
                 3.4,
                 3.411,
                 3.423,
                 3.434,
                 3.446,
                 3.457,
                 3.468,
                 3.48,
                 3.491,
                 3.503,
                 3.514,
                 3.526,
                 3.537,
                 3.549,
                 3.56,
                 3.572,
                 3.583,
                 3.595,
                 3.607,
                 3.618,
                 3.63,
                 3.642,
                 3.653,
                 3.665,
                 3.677,
                 3.688,
                 3.7,
                 3.712,
                 3.724,
                 3.735,
                 3.747,
                 3.759,
                 3.771,
                 3.782,
                 3.794,
                 3.806,
                 3.818,
                 3.83,
                 3.842,
                 3.854,
                 3.866,
                 3.877,
                 3.889,
                 3.901,
                 3.913,
                 3.925,
                 3.937,
                 3.949,
                 3.961,
                 3.973,
                 3.985,
                 3.997,
                 4.009,
                 4.021,
                 4.033,
                 4.045,
                 4.057,
                 4.069,
                 4.081,
                 4.094,
                 4.106,
                 4.118,
                 4.13,
                 4.142,
                 4.154,
                 4.166,
                 4.178,
                 4.191,
                 4.203,
                 4.215,
                 4.227,
                 4.239,
                 4.252,
                 4.264,
                 4.276,
                 4.288,
                 4.301,
                 4.313,
                 4.325,
                 4.337,
                 4.35,
                 4.362,
                 4.374,
                 4.386,
                 4.399,
                 4.411]},
 '1,8': {'Pathlength (Ang)': 2.448,
         'Temp (K)': [1.0,
                      2.0,
                      3.0,
                      4.0,
                      5.0,
                      6.0,
                      7.0,
                      8.0,
                      9.0,
                      10.0,
                      11.0,
                      12.0,
                      13.0,
                      14.0,
                      15.0,
                      16.0,
                      17.0,
                      18.0,
                      19.0,
                      20.0,
                      21.0,
                      22.0,
                      23.0,
                      24.0,
                      25.0,
                      26.0,
                      27.0,
                      28.0,
                      29.0,
                      30.0,
                      31.0,
                      32.0,
                      33.0,
                      34.0,
                      35.0,
                      36.0,
                      37.0,
                      38.0,
                      39.0,
                      40.0,
                      41.0,
                      42.0,
                      43.0,
                      44.0,
                      45.0,
                      46.0,
                      47.0,
                      48.0,
                      49.0,
                      50.0,
                      51.0,
                      52.0,
                      53.0,
                      54.0,
                      55.0,
                      56.0,
                      57.0,
                      58.0,
                      59.0,
                      60.0,
                      61.0,
                      62.0,
                      63.0,
                      64.0,
                      65.0,
                      66.0,
                      67.0,
                      68.0,
                      69.0,
                      70.0,
                      71.0,
                      72.0,
                      73.0,
                      74.0,
                      75.0,
                      76.0,
                      77.0,
                      78.0,
                      79.0,
                      80.0,
                      81.0,
                      82.0,
                      83.0,
                      84.0,
                      85.0,
                      86.0,
                      87.0,
                      88.0,
                      89.0,
                      90.0,
                      91.0,
                      92.0,
                      93.0,
                      94.0,
                      95.0,
                      96.0,
                      97.0,
                      98.0,
                      99.0,
                      100.0,
                      101.0,
                      102.0,
                      103.0,
                      104.0,
                      105.0,
                      106.0,
                      107.0,
                      108.0,
                      109.0,
                      110.0,
                      111.0,
                      112.0,
                      113.0,
                      114.0,
                      115.0,
                      116.0,
                      117.0,
                      118.0,
                      119.0,
                      120.0,
                      121.0,
                      122.0,
                      123.0,
                      124.0,
                      125.0,
                      126.0,
                      127.0,
                      128.0,
                      129.0,
                      130.0,
                      131.0,
                      132.0,
                      133.0,
                      134.0,
                      135.0,
                      136.0,
                      137.0,
                      138.0,
                      139.0,
                      140.0,
                      141.0,
                      142.0,
                      143.0,
                      144.0,
                      145.0,
                      146.0,
                      147.0,
                      148.0,
                      149.0,
                      150.0,
                      151.0,
                      152.0,
                      153.0,
                      154.0,
                      155.0,
                      156.0,
                      157.0,
                      158.0,
                      159.0,
                      160.0,
                      161.0,
                      162.0,
                      163.0,
                      164.0,
                      165.0,
                      166.0,
                      167.0,
                      168.0,
                      169.0,
                      170.0,
                      171.0,
                      172.0,
                      173.0,
                      174.0,
                      175.0,
                      176.0,
                      177.0,
                      178.0,
                      179.0,
                      180.0,
                      181.0,
                      182.0,
                      183.0,
                      184.0,
                      185.0,
                      186.0,
                      187.0,
                      188.0,
                      189.0,
                      190.0,
                      191.0,
                      192.0,
                      193.0,
                      194.0,
                      195.0,
                      196.0,
                      197.0,
                      198.0,
                      199.0,
                      200.0,
                      201.0,
                      202.0,
                      203.0,
                      204.0,
                      205.0,
                      206.0,
                      207.0,
                      208.0,
                      209.0,
                      210.0,
                      211.0,
                      212.0,
                      213.0,
                      214.0,
                      215.0,
                      216.0,
                      217.0,
                      218.0,
                      219.0,
                      220.0,
                      221.0,
                      222.0,
                      223.0,
                      224.0,
                      225.0,
                      226.0,
                      227.0,
                      228.0,
                      229.0,
                      230.0,
                      231.0,
                      232.0,
                      233.0,
                      234.0,
                      235.0,
                      236.0,
                      237.0,
                      238.0,
                      239.0,
                      240.0,
                      241.0,
                      242.0,
                      243.0,
                      244.0,
                      245.0,
                      246.0,
                      247.0,
                      248.0,
                      249.0,
                      250.0,
                      251.0,
                      252.0,
                      253.0,
                      254.0,
                      255.0,
                      256.0,
                      257.0,
                      258.0,
                      259.0,
                      260.0,
                      261.0,
                      262.0,
                      263.0,
                      264.0,
                      265.0,
                      266.0,
                      267.0,
                      268.0,
                      269.0,
                      270.0,
                      271.0,
                      272.0,
                      273.0,
                      274.0,
                      275.0,
                      276.0,
                      277.0,
                      278.0,
                      279.0,
                      280.0,
                      281.0,
                      282.0,
                      283.0,
                      284.0,
                      285.0,
                      286.0,
                      287.0,
                      288.0,
                      289.0,
                      290.0,
                      291.0,
                      292.0,
                      293.0,
                      294.0,
                      295.0,
                      296.0,
                      297.0,
                      298.0,
                      299.0,
                      300.0],
         's^2': [2.078,
                 2.078,
                 2.078,
                 2.078,
                 2.078,
                 2.078,
                 2.078,
                 2.078,
                 2.078,
                 2.078,
                 2.078,
                 2.078,
                 2.078,
                 2.078,
                 2.078,
                 2.078,
                 2.078,
                 2.078,
                 2.078,
                 2.078,
                 2.079,
                 2.079,
                 2.079,
                 2.079,
                 2.079,
                 2.08,
                 2.08,
                 2.08,
                 2.08,
                 2.081,
                 2.081,
                 2.082,
                 2.082,
                 2.083,
                 2.083,
                 2.084,
                 2.085,
                 2.085,
                 2.086,
                 2.087,
                 2.088,
                 2.089,
                 2.09,
                 2.091,
                 2.092,
                 2.093,
                 2.095,
                 2.096,
                 2.098,
                 2.099,
                 2.101,
                 2.103,
                 2.104,
                 2.106,
                 2.108,
                 2.111,
                 2.113,
                 2.115,
                 2.117,
                 2.12,
                 2.123,
                 2.125,
                 2.128,
                 2.131,
                 2.134,
                 2.137,
                 2.14,
                 2.144,
                 2.147,
                 2.151,
                 2.154,
                 2.158,
                 2.162,
                 2.166,
                 2.17,
                 2.174,
                 2.179,
                 2.183,
                 2.188,
                 2.192,
                 2.197,
                 2.202,
                 2.207,
                 2.212,
                 2.217,
                 2.222,
                 2.227,
                 2.233,
                 2.238,
                 2.244,
                 2.249,
                 2.255,
                 2.261,
                 2.267,
                 2.273,
                 2.279,
                 2.285,
                 2.291,
                 2.298,
                 2.304,
                 2.311,
                 2.318,
                 2.324,
                 2.331,
                 2.338,
                 2.345,
                 2.352,
                 2.359,
                 2.366,
                 2.373,
                 2.381,
                 2.388,
                 2.396,
                 2.403,
                 2.411,
                 2.418,
                 2.426,
                 2.434,
                 2.442,
                 2.45,
                 2.458,
                 2.466,
                 2.474,
                 2.482,
                 2.49,
                 2.499,
                 2.507,
                 2.516,
                 2.524,
                 2.533,
                 2.541,
                 2.55,
                 2.559,
                 2.567,
                 2.576,
                 2.585,
                 2.594,
                 2.603,
                 2.612,
                 2.621,
                 2.63,
                 2.639,
                 2.648,
                 2.658,
                 2.667,
                 2.676,
                 2.686,
                 2.695,
                 2.705,
                 2.714,
                 2.724,
                 2.733,
                 2.743,
                 2.752,
                 2.762,
                 2.772,
                 2.782,
                 2.792,
                 2.801,
                 2.811,
                 2.821,
                 2.831,
                 2.841,
                 2.851,
                 2.861,
                 2.871,
                 2.882,
                 2.892,
                 2.902,
                 2.912,
                 2.922,
                 2.933,
                 2.943,
                 2.953,
                 2.964,
                 2.974,
                 2.985,
                 2.995,
                 3.006,
                 3.016,
                 3.027,
                 3.037,
                 3.048,
                 3.059,
                 3.069,
                 3.08,
                 3.091,
                 3.101,
                 3.112,
                 3.123,
                 3.134,
                 3.145,
                 3.156,
                 3.166,
                 3.177,
                 3.188,
                 3.199,
                 3.21,
                 3.221,
                 3.232,
                 3.243,
                 3.254,
                 3.265,
                 3.277,
                 3.288,
                 3.299,
                 3.31,
                 3.321,
                 3.332,
                 3.344,
                 3.355,
                 3.366,
                 3.377,
                 3.389,
                 3.4,
                 3.411,
                 3.423,
                 3.434,
                 3.446,
                 3.457,
                 3.468,
                 3.48,
                 3.491,
                 3.503,
                 3.514,
                 3.526,
                 3.537,
                 3.549,
                 3.56,
                 3.572,
                 3.583,
                 3.595,
                 3.607,
                 3.618,
                 3.63,
                 3.642,
                 3.653,
                 3.665,
                 3.677,
                 3.688,
                 3.7,
                 3.712,
                 3.724,
                 3.735,
                 3.747,
                 3.759,
                 3.771,
                 3.782,
                 3.794,
                 3.806,
                 3.818,
                 3.83,
                 3.842,
                 3.854,
                 3.866,
                 3.877,
                 3.889,
                 3.901,
                 3.913,
                 3.925,
                 3.937,
                 3.949,
                 3.961,
                 3.973,
                 3.985,
                 3.997,
                 4.009,
                 4.021,
                 4.033,
                 4.045,
                 4.057,
                 4.069,
                 4.081,
                 4.094,
                 4.106,
                 4.118,
                 4.13,
                 4.142,
                 4.154,
                 4.166,
                 4.178,
                 4.191,
                 4.203,
                 4.215,
                 4.227,
                 4.239,
                 4.252,
                 4.264,
                 4.276,
                 4.288,
                 4.301,
                 4.313,
                 4.325,
                 4.337,
                 4.35,
                 4.362,
                 4.374,
                 4.386,
                 4.399,
                 4.411]}}
